# JRE version: OpenJDK Runtime Environment Temurin-21.0.10+7 (21.0.10+7) (build 21.0.10+7-LTS)
# Java VM: OpenJDK 64-Bit Server VM Temurin-21.0.10+7 (21.0.10+7-LTS, mixed mode, sharing, tiered, compressed oops, compressed class ptrs, g1 gc, windows-amd64)
GC Precious Log:
 CardTable entry size: 512
 Card Set container configuration: InlinePtr #cards 4 size 8 Array Of Cards #cards 16 size 48 Howl #buckets 8 coarsen threshold 3686 Howl Bitmap #cards 512 size 80 coarsen threshold 460 Card regions per heap region 1 cards per card region 4096
 CPUs: 16 total, 16 available
 Memory: 16087M
 Large Page Support: Disabled
 NUMA Support: Disabled
 Compressed Oops: Enabled (Zero based)
 Heap Region Size: 2M
 Heap Min Capacity: 8M
 Heap Initial Capacity: 252M
 Heap Max Capacity: 4G
 Pre-touch: Disabled
 Parallel Workers: 13
 Concurrent Workers: 3
 Concurrent Refinement Workers: 13
 Periodic GC: Disabled
Heap:
 garbage-first heap   total 137216K, used 91528K [0x0000000700000000, 0x0000000800000000)
  region size 2048K, 7 young (14336K), 2 survivors (4096K)
 Metaspace       used 101770K, committed 103744K, reserved 1179648K
  class space    used 13474K, committed 14464K, reserved 1048576K
GC Heap History (20 events):
Event: 9.485 GC heap before
{Heap before GC invocations=13 (full 0):
 garbage-first heap   total 129024K, used 110593K [0x0000000700000000, 0x0000000800000000)
  region size 2048K, 29 young (59392K), 2 survivors (4096K)
 Metaspace       used 64750K, committed 66176K, reserved 1114112K
  class space    used 9041K, committed 9728K, reserved 1048576K
}
Event: 9.492 GC heap after
{Heap after GC invocations=14 (full 0):
 garbage-first heap   total 129024K, used 59044K [0x0000000700000000, 0x0000000800000000)
  region size 2048K, 3 young (6144K), 3 survivors (6144K)
 Metaspace       used 64750K, committed 66176K, reserved 1114112K
  class space    used 9041K, committed 9728K, reserved 1048576K
}
Event: 10.539 GC heap before
{Heap before GC invocations=14 (full 0):
 garbage-first heap   total 129024K, used 106148K [0x0000000700000000, 0x0000000800000000)
  region size 2048K, 27 young (55296K), 3 survivors (6144K)
 Metaspace       used 70585K, committed 72384K, reserved 1114112K
  class space    used 9774K, committed 10688K, reserved 1048576K
}
Event: 10.549 GC heap after
{Heap after GC invocations=15 (full 0):
 garbage-first heap   total 129024K, used 61521K [0x0000000700000000, 0x0000000800000000)
  region size 2048K, 2 young (4096K), 2 survivors (4096K)
 Metaspace       used 70585K, committed 72384K, reserved 1114112K
  class space    used 9774K, committed 10688K, reserved 1048576K
}
Event: 11.498 GC heap before
{Heap before GC invocations=15 (full 0):
 garbage-first heap   total 129024K, used 110673K [0x0000000700000000, 0x0000000800000000)
  region size 2048K, 26 young (53248K), 2 survivors (4096K)
 Metaspace       used 75439K, committed 77184K, reserved 1179648K
  class space    used 10371K, committed 11264K, reserved 1048576K
}
Event: 11.507 GC heap after
{Heap after GC invocations=16 (full 0):
 garbage-first heap   total 129024K, used 67290K [0x0000000700000000, 0x0000000800000000)
  region size 2048K, 4 young (8192K), 4 survivors (8192K)
 Metaspace       used 75439K, committed 77184K, reserved 1179648K
  class space    used 10371K, committed 11264K, reserved 1048576K
}
Event: 12.570 GC heap before
{Heap before GC invocations=17 (full 0):
 garbage-first heap   total 129024K, used 112346K [0x0000000700000000, 0x0000000800000000)
  region size 2048K, 26 young (53248K), 4 survivors (8192K)
 Metaspace       used 77719K, committed 79552K, reserved 1179648K
  class space    used 10623K, committed 11520K, reserved 1048576K
}
Event: 12.581 GC heap after
{Heap after GC invocations=18 (full 0):
 garbage-first heap   total 129024K, used 68387K [0x0000000700000000, 0x0000000800000000)
  region size 2048K, 3 young (6144K), 3 survivors (6144K)
 Metaspace       used 77719K, committed 79552K, reserved 1179648K
  class space    used 10623K, committed 11520K, reserved 1048576K
}
Event: 13.592 GC heap before
{Heap before GC invocations=18 (full 0):
 garbage-first heap   total 129024K, used 109347K [0x0000000700000000, 0x0000000800000000)
  region size 2048K, 24 young (49152K), 3 survivors (6144K)
 Metaspace       used 81572K, committed 83392K, reserved 1179648K
  class space    used 11055K, committed 11968K, reserved 1048576K
}
Event: 13.601 GC heap after
{Heap after GC invocations=19 (full 0):
 garbage-first heap   total 129024K, used 71034K [0x0000000700000000, 0x0000000800000000)
  region size 2048K, 2 young (4096K), 2 survivors (4096K)
 Metaspace       used 81572K, committed 83392K, reserved 1179648K
  class space    used 11055K, committed 11968K, reserved 1048576K
}
Event: 14.584 GC heap before
{Heap before GC invocations=19 (full 0):
 garbage-first heap   total 129024K, used 114042K [0x0000000700000000, 0x0000000800000000)
  region size 2048K, 23 young (47104K), 2 survivors (4096K)
 Metaspace       used 86501K, committed 88320K, reserved 1179648K
  class space    used 11572K, committed 12480K, reserved 1048576K
}
Event: 14.592 GC heap after
{Heap after GC invocations=20 (full 0):
 garbage-first heap   total 129024K, used 73995K [0x0000000700000000, 0x0000000800000000)
  region size 2048K, 3 young (6144K), 3 survivors (6144K)
 Metaspace       used 86501K, committed 88320K, reserved 1179648K
  class space    used 11572K, committed 12480K, reserved 1048576K
}
Event: 15.384 GC heap before
{Heap before GC invocations=21 (full 0):
 garbage-first heap   total 129024K, used 114955K [0x0000000700000000, 0x0000000800000000)
  region size 2048K, 23 young (47104K), 3 survivors (6144K)
 Metaspace       used 92252K, committed 94080K, reserved 1179648K
  class space    used 12203K, committed 13120K, reserved 1048576K
}
Event: 15.390 GC heap after
{Heap after GC invocations=22 (full 0):
 garbage-first heap   total 129024K, used 75359K [0x0000000700000000, 0x0000000800000000)
  region size 2048K, 1 young (2048K), 1 survivors (2048K)
 Metaspace       used 92252K, committed 94080K, reserved 1179648K
  class space    used 12203K, committed 13120K, reserved 1048576K
}
Event: 16.352 GC heap before
{Heap before GC invocations=22 (full 0):
 garbage-first heap   total 129024K, used 116319K [0x0000000700000000, 0x0000000800000000)
  region size 2048K, 21 young (43008K), 1 survivors (2048K)
 Metaspace       used 98352K, committed 100160K, reserved 1179648K
  class space    used 12884K, committed 13760K, reserved 1048576K
}
Event: 16.358 GC heap after
{Heap after GC invocations=23 (full 0):
 garbage-first heap   total 129024K, used 76243K [0x0000000700000000, 0x0000000800000000)
  region size 2048K, 2 young (4096K), 2 survivors (4096K)
 Metaspace       used 98352K, committed 100160K, reserved 1179648K
  class space    used 12884K, committed 13760K, reserved 1048576K
}
Event: 17.284 GC heap before
{Heap before GC invocations=23 (full 0):
 garbage-first heap   total 129024K, used 117203K [0x0000000700000000, 0x0000000800000000)
  region size 2048K, 22 young (45056K), 2 survivors (4096K)
 Metaspace       used 101661K, committed 103552K, reserved 1179648K
  class space    used 13471K, committed 14400K, reserved 1048576K
}
Event: 17.293 GC heap after
{Heap after GC invocations=24 (full 0):
 garbage-first heap   total 129024K, used 79725K [0x0000000700000000, 0x0000000800000000)
  region size 2048K, 3 young (6144K), 3 survivors (6144K)
 Metaspace       used 101661K, committed 103552K, reserved 1179648K
  class space    used 13471K, committed 14400K, reserved 1048576K
}
Event: 17.804 GC heap before
{Heap before GC invocations=25 (full 0):
 garbage-first heap   total 137216K, used 114541K [0x0000000700000000, 0x0000000800000000)
  region size 2048K, 21 young (43008K), 3 survivors (6144K)
 Metaspace       used 101756K, committed 103744K, reserved 1179648K
  class space    used 13473K, committed 14464K, reserved 1048576K
}
Event: 17.816 GC heap after
{Heap after GC invocations=26 (full 0):
 garbage-first heap   total 137216K, used 83336K [0x0000000700000000, 0x0000000800000000)
  region size 2048K, 2 young (4096K), 2 survivors (4096K)
 Metaspace       used 101756K, committed 103744K, reserved 1179648K
  class space    used 13473K, committed 14464K, reserved 1048576K
}

