# JRE version: OpenJDK Runtime Environment Microsoft-12574423 (17.0.17+10) (build 17.0.17+10-LTS)
# Java VM: OpenJDK 64-Bit Server VM Microsoft-12574423 (17.0.17+10-LTS, mixed mode, sharing, tiered, compressed oops, compressed class ptrs, g1 gc, windows-amd64)
GC Precious Log:
 CPUs: 16 total, 16 available
 Memory: 16087M
 Large Page Support: Disabled
 NUMA Support: Disabled
 Compressed Oops: Enabled (Zero based)
 Heap Region Size: 2M
 Heap Min Capacity: 8M
 Heap Initial Capacity: 252M
 Heap Max Capacity: 4G
 Pre-touch: Disabled
 Parallel Workers: 13
 Concurrent Workers: 3
 Concurrent Refinement Workers: 13
 Periodic GC: Disabled
Heap:
 garbage-first heap   total 100352K, used 60105K [0x0000000700000000, 0x0000000800000000)
  region size 2048K, 18 young (36864K), 3 survivors (6144K)
 Metaspace       used 38819K, committed 39232K, reserved 1114112K
  class space    used 5421K, committed 5632K, reserved 1048576K
GC Heap History (12 events):
Event: 0.417 GC heap before
{Heap before GC invocations=0 (full 0):
 garbage-first heap   total 258048K, used 26624K [0x0000000700000000, 0x0000000800000000)
  region size 2048K, 11 young (22528K), 0 survivors (0K)
 Metaspace       used 2652K, committed 2816K, reserved 1114112K
  class space    used 317K, committed 384K, reserved 1048576K
}
Event: 0.420 GC heap after
{Heap after GC invocations=1 (full 0):
 garbage-first heap   total 258048K, used 10128K [0x0000000700000000, 0x0000000800000000)
  region size 2048K, 2 young (4096K), 2 survivors (4096K)
 Metaspace       used 2652K, committed 2816K, reserved 1114112K
  class space    used 317K, committed 384K, reserved 1048576K
}
Event: 0.767 GC heap before
{Heap before GC invocations=1 (full 0):
 garbage-first heap   total 258048K, used 36752K [0x0000000700000000, 0x0000000800000000)
  region size 2048K, 15 young (30720K), 2 survivors (4096K)
 Metaspace       used 4051K, committed 4224K, reserved 1114112K
  class space    used 491K, committed 576K, reserved 1048576K
}
Event: 0.770 GC heap after
{Heap after GC invocations=2 (full 0):
 garbage-first heap   total 258048K, used 11319K [0x0000000700000000, 0x0000000800000000)
  region size 2048K, 1 young (2048K), 1 survivors (2048K)
 Metaspace       used 4051K, committed 4224K, reserved 1114112K
  class space    used 491K, committed 576K, reserved 1048576K
}
Event: 2.662 GC heap before
{Heap before GC invocations=2 (full 0):
 garbage-first heap   total 258048K, used 136247K [0x0000000700000000, 0x0000000800000000)
  region size 2048K, 64 young (131072K), 1 survivors (2048K)
 Metaspace       used 21211K, committed 21504K, reserved 1114112K
  class space    used 3119K, committed 3264K, reserved 1048576K
}
Event: 2.666 GC heap after
{Heap after GC invocations=3 (full 0):
 garbage-first heap   total 258048K, used 22083K [0x0000000700000000, 0x0000000800000000)
  region size 2048K, 6 young (12288K), 6 survivors (12288K)
 Metaspace       used 21211K, committed 21504K, reserved 1114112K
  class space    used 3119K, committed 3264K, reserved 1048576K
}
Event: 3.395 GC heap before
{Heap before GC invocations=4 (full 0):
 garbage-first heap   total 81920K, used 81475K [0x0000000700000000, 0x0000000800000000)
  region size 2048K, 35 young (71680K), 6 survivors (12288K)
 Metaspace       used 29768K, committed 30144K, reserved 1114112K
  class space    used 4156K, committed 4352K, reserved 1048576K
}
Event: 3.401 GC heap after
{Heap after GC invocations=5 (full 0):
 garbage-first heap   total 100352K, used 27925K [0x0000000700000000, 0x0000000800000000)
  region size 2048K, 3 young (6144K), 3 survivors (6144K)
 Metaspace       used 29768K, committed 30144K, reserved 1114112K
  class space    used 4156K, committed 4352K, reserved 1048576K
}
Event: 3.821 GC heap before
{Heap before GC invocations=5 (full 0):
 garbage-first heap   total 100352K, used 72981K [0x0000000700000000, 0x0000000800000000)
  region size 2048K, 24 young (49152K), 3 survivors (6144K)
 Metaspace       used 32785K, committed 33216K, reserved 1114112K
  class space    used 4505K, committed 4672K, reserved 1048576K
}
Event: 3.825 GC heap after
{Heap after GC invocations=6 (full 0):
 garbage-first heap   total 100352K, used 30310K [0x0000000700000000, 0x0000000800000000)
  region size 2048K, 2 young (4096K), 2 survivors (4096K)
 Metaspace       used 32785K, committed 33216K, reserved 1114112K
  class space    used 4505K, committed 4672K, reserved 1048576K
}
Event: 4.238 GC heap before
{Heap before GC invocations=6 (full 0):
 garbage-first heap   total 100352K, used 63078K [0x0000000700000000, 0x0000000800000000)
  region size 2048K, 20 young (40960K), 2 survivors (4096K)
 Metaspace       used 35676K, committed 36096K, reserved 1114112K
  class space    used 4879K, committed 5056K, reserved 1048576K
}
Event: 4.240 GC heap after
{Heap after GC invocations=7 (full 0):
 garbage-first heap   total 100352K, used 31433K [0x0000000700000000, 0x0000000800000000)
  region size 2048K, 3 young (6144K), 3 survivors (6144K)
 Metaspace       used 35676K, committed 36096K, reserved 1114112K
  class space    used 4879K, committed 5056K, reserved 1048576K
}

